


ARM Macro Assembler    Page 1 


    1 00000000         
    2 00000000         
    3 00000000                 AREA             fact,CODE,READONLY
    4 00000000                 ENTRY
    5 00000000                 EXPORT           __main
    6 00000000         
    7 00000000         ;Iterative Implementation    
    8 00000000         ;__main
    9 00000000         
   10 00000000         ;Fact
   11 00000000         ;MOV  R0,#8
   12 00000000         ;MOV  R1,#1
   13 00000000         ;LOOP CMP  R0,#1
   14 00000000         ;BLS  DONE
   15 00000000         
   16 00000000         ;MUL  R1,R1,R0
   17 00000000         ;SUB  R0,R0,#1
   18 00000000         ;B  LOOP
   19 00000000         
   20 00000000         ;DONE
   21 00000000         ;MOV  R0,R1
   22 00000000         ;BX  LR
   23 00000000         
   24 00000000         ;STOP B  STOP
   25 00000000         ;ALIGN
   26 00000000         ;END
   27 00000000         
   28 00000000         
   29 00000000         ;Recursive Algorithm
   30 00000000         __main
   31 00000000 F04F 0008       MOV              R0,#8
   32 00000004         
   33 00000004 2801    FACT    CMP              R0,#1
   34 00000006 D909            BLS              DONE
   35 00000008 B501            PUSH             {R0,LR}
   36 0000000A F1A0 0001       SUB              R0,R0,#1    ;n=n-1
   37 0000000E F7FF FFF9       BL               FACT
   38 00000012         
   39 00000012 E8BD 4002       POP              {R1,LR}
   40 00000016 FB00 F001       MUL              R0,R0,R1    ;R0=n*FACT(n-1)
   41 0000001A 4770            BX               LR
   42 0000001C         
   43 0000001C         DONE
   44 0000001C F04F 0001       MOV              R0,#1
   45 00000020 4770            BX               LR
   46 00000022         
   47 00000022 00 00           ALIGN
   48 00000024                 END
Command Line: --debug --xref --diag_suppress=9931 --cpu=Cortex-M4.fp --apcs=int
erwork --depend=.\objects\main.d -o.\objects\main.o -I.\RTE\_Target_1 -IC:\Keil
_v5\ARM\PACK\ARM\CMSIS\5.4.0\CMSIS\Core\Include -IC:\Keil_v5\ARM\PACK\Keil\STM3
2F4xx_DFP\2.13.0\Drivers\CMSIS\Device\ST\STM32F4xx\Include --predefine="__EVAL 
SETA 1" --predefine="__MICROLIB SETA 1" --predefine="__UVISION_VERSION SETA 525
" --predefine="_RTE_ SETA 1" --predefine="STM32F407xx SETA 1" --list=.\listings
\main.lst main.s



ARM Macro Assembler    Page 1 Alphabetic symbol ordering
Relocatable symbols

DONE 0000001C

Symbol: DONE
   Definitions
      At line 43 in file main.s
   Uses
      At line 34 in file main.s
Comment: DONE used once
FACT 00000004

Symbol: FACT
   Definitions
      At line 33 in file main.s
   Uses
      At line 37 in file main.s
Comment: FACT used once
__main 00000000

Symbol: __main
   Definitions
      At line 30 in file main.s
   Uses
      At line 5 in file main.s
Comment: __main used once
fact 00000000

Symbol: fact
   Definitions
      At line 3 in file main.s
   Uses
      None
Comment: fact unused
4 symbols
340 symbols in table
