


ARM Macro Assembler    Page 1 


    1 00000000         
    2 00000000         
    3 00000000                 AREA             myCode,CODE,READONLY
    4 00000000                 ENTRY
    5 00000000                 EXPORT           __main
    6 00000000         
    7 00000000         __main
    8 00000000 F240 70DA       LDR              R0,=2010
    9 00000004 F04F 010A       MOV              R1,#10
   10 00000008 F04F 0200       MOV              R2,#0
   11 0000000C         REPEAT
   12 0000000C 4288            CMP              R0,R1
   13 0000000E D304            BLO              STOP
   14 00000010 EBA0 0001       SUB              R0,R0,R1
   15 00000014 F102 0201       ADD              R2,R2,#1
   16 00000018 E7F8            B                REPEAT
   17 0000001A         
   18 0000001A E7FE    STOP    B                STOP
   19 0000001C                 END
Command Line: --debug --xref --diag_suppress=9931 --cpu=Cortex-M4.fp --apcs=int
erwork --depend=.\objects\main.d -o.\objects\main.o -I.\RTE\_Target_1 -IC:\Keil
_v5\ARM\PACK\ARM\CMSIS\5.4.0\CMSIS\Core\Include -IC:\Keil_v5\ARM\PACK\Keil\STM3
2F4xx_DFP\2.13.0\Drivers\CMSIS\Device\ST\STM32F4xx\Include --predefine="__EVAL 
SETA 1" --predefine="__MICROLIB SETA 1" --predefine="__UVISION_VERSION SETA 525
" --predefine="_RTE_ SETA 1" --predefine="STM32F407xx SETA 1" --list=.\listings
\main.lst main.s



ARM Macro Assembler    Page 1 Alphabetic symbol ordering
Relocatable symbols

REPEAT 0000000C

Symbol: REPEAT
   Definitions
      At line 11 in file main.s
   Uses
      At line 16 in file main.s
Comment: REPEAT used once
STOP 0000001A

Symbol: STOP
   Definitions
      At line 18 in file main.s
   Uses
      At line 13 in file main.s
      At line 18 in file main.s

__main 00000000

Symbol: __main
   Definitions
      At line 7 in file main.s
   Uses
      At line 5 in file main.s
Comment: __main used once
myCode 00000000

Symbol: myCode
   Definitions
      At line 3 in file main.s
   Uses
      None
Comment: myCode unused
4 symbols
340 symbols in table
