


ARM Macro Assembler    Page 1 


    1 00000000         
    2 00000000         
    3 00000000                 AREA             STACK_OP, CODE, READONLY
    4 00000000                 EXPORT           do_stack_operations
    5 00000000         
    6 00000000         do_stack_operations
    7 00000000         ;Populate R0, R1, R2 registers
    8 00000000 F04F 0011       MOV              R0,#0x11
    9 00000004 F04F 0122       MOV              R1,#0x22
   10 00000008 F04F 0233       MOV              R2,#0x33
   11 0000000C         
   12 0000000C         ;Push Register contents into MSP
   13 0000000C B407            PUSH             {R0-R2}
   14 0000000E         
   15 0000000E         ;Change stack pointer to PSP
   16 0000000E F3EF 8014       MRS              R0, CONTROL
   17 00000012 F040 0002       ORR              R0,R0,#0x02
   18 00000016 F380 8814       MSR              CONTROL,R0
   19 0000001A         
   20 0000001A         ;Initialize PSP with MSP value
   21 0000001A F3EF 8008       MRS              R0,MSP
   22 0000001E F380 8809       MSR              PSP,R0
   23 00000022         
   24 00000022         ;Pop the register contents from PSP
   25 00000022 BC07            POP              {R0-R2}
   26 00000024         
   27 00000024         ;Return to main()
   28 00000024 4770            BX               LR
   29 00000026                 END
Command Line: --debug --xref --diag_suppress=9931 --cpu=Cortex-M4.fp --apcs=int
erwork --depend=.\objects\stack_op.d -o.\objects\stack_op.o -I.\RTE\_Target_1 -
IC:\Keil_v5\ARM\PACK\ARM\CMSIS\5.4.0\CMSIS\Core\Include -IC:\Keil_v5\ARM\PACK\K
eil\STM32F4xx_DFP\2.13.0\Drivers\CMSIS\Device\ST\STM32F4xx\Include --predefine=
"__EVAL SETA 1" --predefine="__UVISION_VERSION SETA 525" --predefine="_RTE_ SET
A 1" --predefine="STM32F407xx SETA 1" --list=.\listings\stack_op.lst stack_op.s



ARM Macro Assembler    Page 1 Alphabetic symbol ordering
Relocatable symbols

STACK_OP 00000000

Symbol: STACK_OP
   Definitions
      At line 3 in file stack_op.s
   Uses
      None
Comment: STACK_OP unused
do_stack_operations 00000000

Symbol: do_stack_operations
   Definitions
      At line 6 in file stack_op.s
   Uses
      At line 4 in file stack_op.s
Comment: do_stack_operations used once
2 symbols
337 symbols in table
