


ARM Macro Assembler    Page 1 


    1 00000000 20000000 
                       RAM1_ADR
                               EQU              0x20000000
    2 00000000 20000100 
                       RAM2_ADR
                               EQU              0x20000100
    3 00000000         
    4 00000000                 AREA             myCode, CODE, READONLY
    5 00000000                 ENTRY
    6 00000000                 EXPORT           __main
    7 00000000         
    8 00000000         __main
    9 00000000 F000 F803       BL               FILLRAM1
   10 00000004 F000 F80E       BL               COPY
   11 00000008         
   12 00000008 E7FE    STOP    B                STOP
   13 0000000A         
   14 0000000A         FILLRAM1
   15 0000000A F04F 5100       LDR              R1,=RAM1_ADR
   16 0000000E F04F 0010       MOV              R0,#0x10
   17 00000012 4A0B            LDR              R2,=0xDEADBEEF
   18 00000014         
   19 00000014 600A    L1      STR              R2,[R1]
   20 00000016 F101 0104       ADD              R1,R1,#4
   21 0000001A F102 0201       ADD              R2,R2,#1
   22 0000001E 1E40            SUBS             R0,R0,#1
   23 00000020 D1F8            BNE              L1
   24 00000022 4770            BX               LR
   25 00000024         
   26 00000024         COPY
   27 00000024 F04F 5100       LDR              R1,=RAM1_ADR
   28 00000028 4A06            LDR              R2,=RAM2_ADR
   29 0000002A F04F 000A       MOV              R0,#10
   30 0000002E         
   31 0000002E 680B    L2      LDR              R3,[R1]
   32 00000030 6013            STR              R3,[R2]
   33 00000032 F101 0104       ADD              R1,R1,#4
   34 00000036 F102 0204       ADD              R2,R2,#4
   35 0000003A 1E40            SUBS             R0,R0,#1
   36 0000003C D1F7            BNE              L2
   37 0000003E 4770            BX               LR
   38 00000040         
   39 00000040         
   40 00000040                 END
              DEADBEEF 
              20000100 
Command Line: --debug --xref --diag_suppress=9931 --cpu=Cortex-M4.fp --apcs=int
erwork --depend=.\objects\main.d -o.\objects\main.o -I.\RTE\_Target_1 -IC:\Keil
_v5\ARM\PACK\ARM\CMSIS\5.4.0\CMSIS\Core\Include -IC:\Keil_v5\ARM\PACK\Keil\STM3
2F4xx_DFP\2.13.0\Drivers\CMSIS\Device\ST\STM32F4xx\Include --predefine="__EVAL 
SETA 1" --predefine="__MICROLIB SETA 1" --predefine="__UVISION_VERSION SETA 525
" --predefine="_RTE_ SETA 1" --predefine="STM32F407xx SETA 1" --list=.\listings
\main.lst main.s



ARM Macro Assembler    Page 1 Alphabetic symbol ordering
Relocatable symbols

COPY 00000024

Symbol: COPY
   Definitions
      At line 26 in file main.s
   Uses
      At line 10 in file main.s
Comment: COPY used once
FILLRAM1 0000000A

Symbol: FILLRAM1
   Definitions
      At line 14 in file main.s
   Uses
      At line 9 in file main.s
Comment: FILLRAM1 used once
L1 00000014

Symbol: L1
   Definitions
      At line 19 in file main.s
   Uses
      At line 23 in file main.s
Comment: L1 used once
L2 0000002E

Symbol: L2
   Definitions
      At line 31 in file main.s
   Uses
      At line 36 in file main.s
Comment: L2 used once
STOP 00000008

Symbol: STOP
   Definitions
      At line 12 in file main.s
   Uses
      At line 12 in file main.s
Comment: STOP used once
__main 00000000

Symbol: __main
   Definitions
      At line 8 in file main.s
   Uses
      At line 6 in file main.s
Comment: __main used once
myCode 00000000

Symbol: myCode
   Definitions
      At line 4 in file main.s
   Uses
      None
Comment: myCode unused
7 symbols



ARM Macro Assembler    Page 1 Alphabetic symbol ordering
Absolute symbols

RAM1_ADR 20000000

Symbol: RAM1_ADR
   Definitions
      At line 1 in file main.s
   Uses
      At line 15 in file main.s
      At line 27 in file main.s

RAM2_ADR 20000100

Symbol: RAM2_ADR
   Definitions
      At line 2 in file main.s
   Uses
      At line 28 in file main.s
Comment: RAM2_ADR used once
2 symbols
347 symbols in table
