


ARM Macro Assembler    Page 1 


    1 00000000         
    2 00000000 40023830 
                       SYSCTL_RCC_AHB1ENR
                               EQU              0x40023830
    3 00000000 40020C00 
                       SYSCTL_GPIO_PORTD_DIR
                               EQU              0x40020C00
    4 00000000 40020C08 
                       SYSCTL_GPIO_PORTD_SPEED
                               EQU              0x40020C08
    5 00000000 40020C0C 
                       SYSCTL_GPIO_PORTD_PULLUPDN
                               EQU              0x40020C0C
    6 00000000 40020C18 
                       SYSCTL_GPIO_PORTD_BSRR
                               EQU              0x40020C18
    7 00000000 40020C14 
                       SYSCTL_GPIO_PORTD_ODR
                               EQU              0x40020C14
    8 00000000         
    9 00000000 40020000 
                       SYSCTL_GPIO_PORTA_DIR
                               EQU              0x40020000
   10 00000000 40020008 
                       SYSCTL_GPIO_PORTA_SPEED
                               EQU              0x40020008
   11 00000000 4002000C 
                       SYSCTL_GPIO_PORTA_PULLUPDN
                               EQU              0x4002000C
   12 00000000 40020018 
                       SYSCTL_GPIO_PORTA_BSRR
                               EQU              0x40020018
   13 00000000 40020010 
                       SYSCTL_GPIO_PORTA_IDR
                               EQU              0x40020010
   14 00000000         
   15 00000000 FFFFF3F3 
                       PORTA_DIR_VALUE
                               EQU              0xFFFFF3F3
   16 00000000 00000404 
                       PORTA_SPEED_VALUE
                               EQU              0x404
   17 00000000 00000404 
                       PORTA_PULLUPDN_VALUE
                               EQU              0x404
   18 00000000         
   19 00000000 001046AA 
                       SECOND_DIV_FIVE
                               EQU              1066666
   20 00000000 00004000 
                       SET_VALUE
                               EQU              0x4000
   21 00000000 00002000 
                       RESET_VALUE
                               EQU              0x2000
   22 00000000 00001000 
                       BOTH_VALUE
                               EQU              0x1000
   23 00000000         



ARM Macro Assembler    Page 2 


   24 00000000                 AREA             |.text|,CODE,READONLY,ALIGN=2
   25 00000000                 THUMB
   26 00000000                 EXPORT           Main
   27 00000000         
   28 00000000         
   29 00000000         
   30 00000000         Main
   31 00000000 F000 F812       BL               GPIOD_Init
   32 00000004         LOOP
   33 00000004 4827            LDR              R0,=SECOND_DIV_FIVE
   34 00000006 F000 F80C       BL               DELAY
   35 0000000A F000 F845       BL               INPUT
   36 0000000E 2802            CMP              R0,#0x02
   37 00000010 D033            BEQ              LIGHT1_ON
   38 00000012 2820            CMP              R0,#0x20
   39 00000014         ;BL  INPUT
   40 00000014         ;CMP  R0,#0x01
   41 00000014 D036            BEQ              LIGHT2_ON
   42 00000016 2800            CMP              R0,#0x00
   43 00000018 D039            BEQ              LIGHT3_ON
   44 0000001A 4822            LDR              R0,=SECOND_DIV_FIVE
   45 0000001C F000 F801       BL               DELAY
   46 00000020         ;BL  LIGHT_ON
   47 00000020 E7F0            B                LOOP
   48 00000022         
   49 00000022         DELAY
   50 00000022         ;LDR R0,=SECOND_DIV_FIVE
   51 00000022 1E40            SUBS             R0,R0,#1
   52 00000024 D1FD            BNE              DELAY
   53 00000026 4770            BX               LR
   54 00000028         
   55 00000028         
   56 00000028         GPIOD_Init
   57 00000028 491F            LDR              R1,=SYSCTL_RCC_AHB1ENR
   58 0000002A 6808            LDR              R0,[R1]
   59 0000002C F040 0009       ORR              R0,R0,#0x09 ;enable gpiod
   60 00000030 6008            STR              R0,[R1]
   61 00000032         
   62 00000032         ;RCC Base Adress 0x40023800
   63 00000032         ;RCC_AHB1ENR Offset Address 0x30
   64 00000032         ;SYSCTL_RCC_AHB1ENR EQU 0x40023830  
   65 00000032         
   66 00000032         
   67 00000032         ;0x40020C00 ;GPIOD Base Address
   68 00000032         ;0x0 ;GPIOD Mode Register
   69 00000032         ;SYSCTL_GPIO_PORTD_DIR EQU 0x40020C00
   70 00000032 491E            LDR              R1,=SYSCTL_GPIO_PORTD_DIR
   71 00000034 6808            LDR              R0,[R1]
   72 00000036 F040 50A8       ORR              R0,R0,#0x15000000 ;pins 14, 13 
                                                            and 12 output 
   73 0000003A 6008            STR              R0,[R1]
   74 0000003C         
   75 0000003C         ;0x04 ;GPIOD OUTPUT TYPE REGISTER
   76 0000003C         ;SYSCTL_GPIO_PORTD_SPEED EQU 0X40020C08
   77 0000003C 491C            LDR              R1,=SYSCTL_GPIO_PORTD_SPEED
   78 0000003E 6808            LDR              R0,[R1]
   79 00000040 F040 50A8       ORR              R0,R0,#0x15000000
   80 00000044 6008            STR              R0,[R1]
   81 00000046         



ARM Macro Assembler    Page 3 


   82 00000046         ;0X0C ;GPIOD PORT PULLUP/DOWN REGISTER
   83 00000046         ;SYSCTL_GPIO_PORTD_PULLUPDN EQU 0X40020C0C
   84 00000046 491B            LDR              R1,=SYSCTL_GPIO_PORTD_PULLUPDN
   85 00000048 6808            LDR              R0,[R1]
   86 0000004A F040 50A8       ORR              R0,R0,#0x15000000
   87 0000004E 6008            STR              R0,[R1]
   88 00000050         
   89 00000050         ;Set pin PA0 an PA5 as input
   90 00000050 4919            LDR              R1,=SYSCTL_GPIO_PORTA_DIR
   91 00000052 6808            LDR              R0,[R1]
   92 00000054 4A19            LDR              R2,=PORTA_DIR_VALUE
   93 00000056 EA00 0002       AND              R0,R0,R2    ;(0b 1111,1111,1111
                                                            ,1111,1111,0011,111
                                                            1,0011) 
   94 0000005A         ;MOV  R0,#0
   95 0000005A 6008            STR              R0,[R1]
   96 0000005C         
   97 0000005C 4918            LDR              R1,=SYSCTL_GPIO_PORTA_SPEED
   98 0000005E 6808            LDR              R0,[R1]
   99 00000060 F240 4204       LDR              R2,=PORTA_SPEED_VALUE
  100 00000064 EA40 0002       ORR              R0,R0,R2    ; #0x0101 ;(0b 0000
                                                             0100 0000 0001)
  101 00000068 6008            STR              R0,[R1]
  102 0000006A         
  103 0000006A 4916            LDR              R1,=SYSCTL_GPIO_PORTA_PULLUPDN
  104 0000006C 6808            LDR              R0,[R1]
  105 0000006E F240 4204       LDR              R2,=PORTA_PULLUPDN_VALUE
  106 00000072 EA40 0002       ORR              R0,R0,R2    ;#0x401 ;(0B 0100 0
                                                            000 0001)
  107 00000076 6008            STR              R0,[R1]
  108 00000078         
  109 00000078 4770            BX               LR
  110 0000007A         
  111 0000007A         
  112 0000007A         LIGHT1_ON
  113 0000007A         ;0X18 ;GPIOD PORT BSRR REGISTER
  114 0000007A         ;SYSCTL_GPIO_PORTD_BSRR EQU 0X40020C18
  115 0000007A 4913            LDR              R1,=SYSCTL_GPIO_PORTD_ODR
  116 0000007C F44F 4080       LDR              R0,=SET_VALUE
  117 00000080         ;LDR  R2,=SET_VALUE
  118 00000080         ;EOR  R0,R0,R2  
  119 00000080         ;ORR  R0,R0,R2
  120 00000080         ;ORR  R0,R0,#0x00004000
  121 00000080 6008            STR              R0,[R1]
  122 00000082 4770            BX               LR
  123 00000084         
  124 00000084         LIGHT2_ON
  125 00000084         ;0X18 ;GPIOD PORT BSRR REGISTER
  126 00000084         ;SYSCTL_GPIO_PORTD_BSRR EQU 0X40020C18
  127 00000084 4910            LDR              R1,=SYSCTL_GPIO_PORTD_ODR
  128 00000086 F44F 5000       LDR              R0,=RESET_VALUE
  129 0000008A         ;LDR  R2,=RESET_VALUE
  130 0000008A         ;EOR  R0,R0,R2
  131 0000008A         ;ORR  R0,R0,R2
  132 0000008A 6008            STR              R0,[R1]
  133 0000008C 4770            BX               LR
  134 0000008E         
  135 0000008E         LIGHT3_ON
  136 0000008E 490E            LDR              R1,=SYSCTL_GPIO_PORTD_ODR



ARM Macro Assembler    Page 4 


  137 00000090 F44F 5080       LDR              R0,=BOTH_VALUE
  138 00000094 6008            STR              R0,[R1]
  139 00000096 4770            BX               LR
  140 00000098         INPUT
  141 00000098 490C            LDR              R1,=SYSCTL_GPIO_PORTA_IDR
  142 0000009A 6808            LDR              R0,[R1]
  143 0000009C F000 0022       AND              R0,R0,#0x22 ;(0B 0010 0001)
  144 000000A0 4770            BX               LR
  145 000000A2         
  146 000000A2 00 00           ALIGN
  147 000000A4                 END
              001046AA 
              40023830 
              40020C00 
              40020C08 
              40020C0C 
              40020000 
              FFFFF3F3 
              40020008 
              4002000C 
              40020C14 
              40020010 
Command Line: --debug --xref --diag_suppress=9931 --cpu=Cortex-M4.fp --apcs=int
erwork --depend=.\objects\main.d -o.\objects\main.o -I.\RTE\_Target_1 -IC:\Keil
_v5\ARM\PACK\ARM\CMSIS\5.4.0\CMSIS\Core\Include -IC:\Keil_v5\ARM\PACK\Keil\STM3
2F4xx_DFP\2.13.0\Drivers\CMSIS\Device\ST\STM32F4xx\Include --predefine="__EVAL 
SETA 1" --predefine="__UVISION_VERSION SETA 525" --predefine="_RTE_ SETA 1" --p
redefine="STM32F407xx SETA 1" --list=.\listings\main.lst main.s



ARM Macro Assembler    Page 1 Alphabetic symbol ordering
Relocatable symbols

.text 00000000

Symbol: .text
   Definitions
      At line 24 in file main.s
   Uses
      None
Comment: .text unused
DELAY 00000022

Symbol: DELAY
   Definitions
      At line 49 in file main.s
   Uses
      At line 34 in file main.s
      At line 45 in file main.s
      At line 52 in file main.s

GPIOD_Init 00000028

Symbol: GPIOD_Init
   Definitions
      At line 56 in file main.s
   Uses
      At line 31 in file main.s
Comment: GPIOD_Init used once
INPUT 00000098

Symbol: INPUT
   Definitions
      At line 140 in file main.s
   Uses
      At line 35 in file main.s
Comment: INPUT used once
LIGHT1_ON 0000007A

Symbol: LIGHT1_ON
   Definitions
      At line 112 in file main.s
   Uses
      At line 37 in file main.s
Comment: LIGHT1_ON used once
LIGHT2_ON 00000084

Symbol: LIGHT2_ON
   Definitions
      At line 124 in file main.s
   Uses
      At line 41 in file main.s
Comment: LIGHT2_ON used once
LIGHT3_ON 0000008E

Symbol: LIGHT3_ON
   Definitions
      At line 135 in file main.s
   Uses
      At line 43 in file main.s
Comment: LIGHT3_ON used once
LOOP 00000004



ARM Macro Assembler    Page 2 Alphabetic symbol ordering
Relocatable symbols


Symbol: LOOP
   Definitions
      At line 32 in file main.s
   Uses
      At line 47 in file main.s
Comment: LOOP used once
Main 00000000

Symbol: Main
   Definitions
      At line 30 in file main.s
   Uses
      At line 26 in file main.s
Comment: Main used once
9 symbols



ARM Macro Assembler    Page 1 Alphabetic symbol ordering
Absolute symbols

BOTH_VALUE 00001000

Symbol: BOTH_VALUE
   Definitions
      At line 22 in file main.s
   Uses
      At line 137 in file main.s
Comment: BOTH_VALUE used once
PORTA_DIR_VALUE FFFFF3F3

Symbol: PORTA_DIR_VALUE
   Definitions
      At line 15 in file main.s
   Uses
      At line 92 in file main.s
Comment: PORTA_DIR_VALUE used once
PORTA_PULLUPDN_VALUE 00000404

Symbol: PORTA_PULLUPDN_VALUE
   Definitions
      At line 17 in file main.s
   Uses
      At line 105 in file main.s
Comment: PORTA_PULLUPDN_VALUE used once
PORTA_SPEED_VALUE 00000404

Symbol: PORTA_SPEED_VALUE
   Definitions
      At line 16 in file main.s
   Uses
      At line 99 in file main.s
Comment: PORTA_SPEED_VALUE used once
RESET_VALUE 00002000

Symbol: RESET_VALUE
   Definitions
      At line 21 in file main.s
   Uses
      At line 128 in file main.s
Comment: RESET_VALUE used once
SECOND_DIV_FIVE 001046AA

Symbol: SECOND_DIV_FIVE
   Definitions
      At line 19 in file main.s
   Uses
      At line 33 in file main.s
      At line 44 in file main.s

SET_VALUE 00004000

Symbol: SET_VALUE
   Definitions
      At line 20 in file main.s
   Uses
      At line 116 in file main.s
Comment: SET_VALUE used once
SYSCTL_GPIO_PORTA_BSRR 40020018




ARM Macro Assembler    Page 2 Alphabetic symbol ordering
Absolute symbols

Symbol: SYSCTL_GPIO_PORTA_BSRR
   Definitions
      At line 12 in file main.s
   Uses
      None
Comment: SYSCTL_GPIO_PORTA_BSRR unused
SYSCTL_GPIO_PORTA_DIR 40020000

Symbol: SYSCTL_GPIO_PORTA_DIR
   Definitions
      At line 9 in file main.s
   Uses
      At line 90 in file main.s
Comment: SYSCTL_GPIO_PORTA_DIR used once
SYSCTL_GPIO_PORTA_IDR 40020010

Symbol: SYSCTL_GPIO_PORTA_IDR
   Definitions
      At line 13 in file main.s
   Uses
      At line 141 in file main.s
Comment: SYSCTL_GPIO_PORTA_IDR used once
SYSCTL_GPIO_PORTA_PULLUPDN 4002000C

Symbol: SYSCTL_GPIO_PORTA_PULLUPDN
   Definitions
      At line 11 in file main.s
   Uses
      At line 103 in file main.s
Comment: SYSCTL_GPIO_PORTA_PULLUPDN used once
SYSCTL_GPIO_PORTA_SPEED 40020008

Symbol: SYSCTL_GPIO_PORTA_SPEED
   Definitions
      At line 10 in file main.s
   Uses
      At line 97 in file main.s
Comment: SYSCTL_GPIO_PORTA_SPEED used once
SYSCTL_GPIO_PORTD_BSRR 40020C18

Symbol: SYSCTL_GPIO_PORTD_BSRR
   Definitions
      At line 6 in file main.s
   Uses
      None
Comment: SYSCTL_GPIO_PORTD_BSRR unused
SYSCTL_GPIO_PORTD_DIR 40020C00

Symbol: SYSCTL_GPIO_PORTD_DIR
   Definitions
      At line 3 in file main.s
   Uses
      At line 70 in file main.s
Comment: SYSCTL_GPIO_PORTD_DIR used once
SYSCTL_GPIO_PORTD_ODR 40020C14

Symbol: SYSCTL_GPIO_PORTD_ODR
   Definitions
      At line 7 in file main.s



ARM Macro Assembler    Page 3 Alphabetic symbol ordering
Absolute symbols

   Uses
      At line 115 in file main.s
      At line 127 in file main.s
      At line 136 in file main.s

SYSCTL_GPIO_PORTD_PULLUPDN 40020C0C

Symbol: SYSCTL_GPIO_PORTD_PULLUPDN
   Definitions
      At line 5 in file main.s
   Uses
      At line 84 in file main.s
Comment: SYSCTL_GPIO_PORTD_PULLUPDN used once
SYSCTL_GPIO_PORTD_SPEED 40020C08

Symbol: SYSCTL_GPIO_PORTD_SPEED
   Definitions
      At line 4 in file main.s
   Uses
      At line 77 in file main.s
Comment: SYSCTL_GPIO_PORTD_SPEED used once
SYSCTL_RCC_AHB1ENR 40023830

Symbol: SYSCTL_RCC_AHB1ENR
   Definitions
      At line 2 in file main.s
   Uses
      At line 57 in file main.s
Comment: SYSCTL_RCC_AHB1ENR used once
18 symbols
364 symbols in table
