


ARM Macro Assembler    Page 1 


    1 00000000 40023800 
                       RCC_BASE
                               EQU              0x40023800
    2 00000000 40023830 
                       RCC_AHB1ENR
                               EQU              0x40023830  ;RCC_BASE+30
    3 00000000 40020C00 
                       GPIOD_BASE
                               EQU              0x40020C00
    4 00000000 40020C00 
                       GPIOD_MODER
                               EQU              0x40020C00
    5 00000000 40020C14 
                       GPIOD_ODR
                               EQU              0x40020C14  ;OFFSET=0x14 
    6 00000000         
    7 00000000 00000008 
                       GPIODEN EQU              1<<3
    8 00000000 01000000 
                       MODER12_OUT
                               EQU              1<<24
    9 00000000 04000000 
                       MODER13_OUT
                               EQU              1<<26
   10 00000000 10000000 
                       MODER14_OUT
                               EQU              1<<28
   11 00000000 40000000 
                       MODER15_OUT
                               EQU              1<<30
   12 00000000         
   13 00000000 00008000 
                       SETBLUE EQU              1<<15
   14 00000000 00004000 
                       SETRED  EQU              1<<14
   15 00000000 00002000 
                       SETORANGE
                               EQU              1<<13
   16 00000000 00001000 
                       SETGREEN
                               EQU              1<<12
   17 00000000         
   18 00000000 0000000F 
                       DELAY   EQU              0x000F
   19 00000000         
   20 00000000 00516155 
                       ONESEC  EQU              5333333
   21 00000000 000411AB 
                       HSEC    EQU              266667
   22 00000000 0001A0AB 
                       FSEC    EQU              106667
   23 00000000         
   24 00000000                 AREA             |.text|,CODE,READONLY,ALIGN=2
   25 00000000                 THUMB
   26 00000000                 EXPORT           __main
   27 00000000         
   28 00000000         __main
   29 00000000 F000 F800       BL               GPIOD_Init
   30 00000004         



ARM Macro Assembler    Page 2 


   31 00000004         
   32 00000004         GPIOD_Init
   33 00000004 4913            LDR              R1,=RCC_AHB1ENR
   34 00000006 6808            LDR              R0,[R1]
   35 00000008 F040 0008       ORR              R0,R0,#GPIODEN
   36 0000000C 6008            STR              R0,[R1]
   37 0000000E         
   38 0000000E 4912            LDR              R1,=GPIOD_MODER
   39 00000010         ;LDR  R0,[R1]
   40 00000010         ;ORR  R0,R0,MODER12_OUT
   41 00000010         ;ORR  R0,R0,MODER13_OUT
   42 00000010         ;ORR  R0,R0,MODER14_OUT
   43 00000010         ;ORR  R0,R0,MODER15_OUT
   44 00000010 F04F 40AA       LDR              R0,=(MODER12_OUT|MODER13_OUT|MO
DER14_OUT|MODER15_OUT)
   45 00000014 6008            STR              R0,[R1]
   46 00000016 F04F 0000       MOV              R0,#0
   47 0000001A 4A10            LDR              R2,=GPIOD_ODR
   48 0000001C         
   49 0000001C         
   50 0000001C         Blink
   51 0000001C F241 0100       MOVW             R1,#SETGREEN
   52 00000020 6011            STR              R1,[R2]
   53 00000022 4B0F            LDR              R3,=ONESEC
   54 00000024 F000 F813       BL               Delay
   55 00000028         
   56 00000028 F248 0100       MOVW             R1,#SETBLUE
   57 0000002C 6011            STR              R1,[R2]
   58 0000002E 4B0D            LDR              R3,=HSEC
   59 00000030 F000 F80D       BL               Delay
   60 00000034         
   61 00000034 F244 0100       MOVW             R1,#SETRED
   62 00000038 6011            STR              R1,[R2]
   63 0000003A 4B0A            LDR              R3,=HSEC
   64 0000003C F000 F807       BL               Delay
   65 00000040         
   66 00000040 F242 0100       MOVW             R1,#SETORANGE
   67 00000044 6011            STR              R1,[R2]
   68 00000046 4B08            LDR              R3,=FSEC
   69 00000048 F000 F801       BL               Delay
   70 0000004C         
   71 0000004C E7E6            B                Blink
   72 0000004E         Delay
   73 0000004E 1E5B            SUBS             R3,R3,#1
   74 00000050 D1FD            BNE              Delay
   75 00000052 4770            BX               LR
   76 00000054                 ALIGN
   77 00000054         
   78 00000054                 END
              40023830 
              40020C00 
              40020C14 
              00516155 
              000411AB 
              0001A0AB 
Command Line: --debug --xref --diag_suppress=9931 --cpu=Cortex-M4.fp --apcs=int
erwork --depend=.\objects\blinky.d -o.\objects\blinky.o -I.\RTE\_Target_1 -IC:\
Keil_v5\ARM\PACK\ARM\CMSIS\5.4.0\CMSIS\Core\Include -IC:\Keil_v5\ARM\PACK\Keil\
STM32F4xx_DFP\2.13.0\Drivers\CMSIS\Device\ST\STM32F4xx\Include --predefine="__E



ARM Macro Assembler    Page 3 


VAL SETA 1" --predefine="__MICROLIB SETA 1" --predefine="__UVISION_VERSION SETA
 525" --predefine="_RTE_ SETA 1" --predefine="STM32F407xx SETA 1" --list=.\list
ings\blinky.lst blinky.s



ARM Macro Assembler    Page 1 Alphabetic symbol ordering
Relocatable symbols

.text 00000000

Symbol: .text
   Definitions
      At line 24 in file blinky.s
   Uses
      None
Comment: .text unused
Blink 0000001C

Symbol: Blink
   Definitions
      At line 50 in file blinky.s
   Uses
      At line 71 in file blinky.s
Comment: Blink used once
Delay 0000004E

Symbol: Delay
   Definitions
      At line 72 in file blinky.s
   Uses
      At line 54 in file blinky.s
      At line 59 in file blinky.s
      At line 64 in file blinky.s
      At line 69 in file blinky.s
      At line 74 in file blinky.s

GPIOD_Init 00000004

Symbol: GPIOD_Init
   Definitions
      At line 32 in file blinky.s
   Uses
      At line 29 in file blinky.s
Comment: GPIOD_Init used once
__main 00000000

Symbol: __main
   Definitions
      At line 28 in file blinky.s
   Uses
      At line 26 in file blinky.s
Comment: __main used once
5 symbols



ARM Macro Assembler    Page 1 Alphabetic symbol ordering
Absolute symbols

DELAY 0000000F

Symbol: DELAY
   Definitions
      At line 18 in file blinky.s
   Uses
      None
Comment: DELAY unused
FSEC 0001A0AB

Symbol: FSEC
   Definitions
      At line 22 in file blinky.s
   Uses
      At line 68 in file blinky.s
Comment: FSEC used once
GPIODEN 00000008

Symbol: GPIODEN
   Definitions
      At line 7 in file blinky.s
   Uses
      At line 35 in file blinky.s
Comment: GPIODEN used once
GPIOD_BASE 40020C00

Symbol: GPIOD_BASE
   Definitions
      At line 3 in file blinky.s
   Uses
      None
Comment: GPIOD_BASE unused
GPIOD_MODER 40020C00

Symbol: GPIOD_MODER
   Definitions
      At line 4 in file blinky.s
   Uses
      At line 38 in file blinky.s
Comment: GPIOD_MODER used once
GPIOD_ODR 40020C14

Symbol: GPIOD_ODR
   Definitions
      At line 5 in file blinky.s
   Uses
      At line 47 in file blinky.s
Comment: GPIOD_ODR used once
HSEC 000411AB

Symbol: HSEC
   Definitions
      At line 21 in file blinky.s
   Uses
      At line 58 in file blinky.s
      At line 63 in file blinky.s

MODER12_OUT 01000000




ARM Macro Assembler    Page 2 Alphabetic symbol ordering
Absolute symbols

Symbol: MODER12_OUT
   Definitions
      At line 8 in file blinky.s
   Uses
      At line 44 in file blinky.s
Comment: MODER12_OUT used once
MODER13_OUT 04000000

Symbol: MODER13_OUT
   Definitions
      At line 9 in file blinky.s
   Uses
      At line 44 in file blinky.s
Comment: MODER13_OUT used once
MODER14_OUT 10000000

Symbol: MODER14_OUT
   Definitions
      At line 10 in file blinky.s
   Uses
      At line 44 in file blinky.s
Comment: MODER14_OUT used once
MODER15_OUT 40000000

Symbol: MODER15_OUT
   Definitions
      At line 11 in file blinky.s
   Uses
      At line 44 in file blinky.s
Comment: MODER15_OUT used once
ONESEC 00516155

Symbol: ONESEC
   Definitions
      At line 20 in file blinky.s
   Uses
      At line 53 in file blinky.s
Comment: ONESEC used once
RCC_AHB1ENR 40023830

Symbol: RCC_AHB1ENR
   Definitions
      At line 2 in file blinky.s
   Uses
      At line 33 in file blinky.s
Comment: RCC_AHB1ENR used once
RCC_BASE 40023800

Symbol: RCC_BASE
   Definitions
      At line 1 in file blinky.s
   Uses
      None
Comment: RCC_BASE unused
SETBLUE 00008000

Symbol: SETBLUE
   Definitions
      At line 13 in file blinky.s



ARM Macro Assembler    Page 3 Alphabetic symbol ordering
Absolute symbols

   Uses
      At line 56 in file blinky.s
Comment: SETBLUE used once
SETGREEN 00001000

Symbol: SETGREEN
   Definitions
      At line 16 in file blinky.s
   Uses
      At line 51 in file blinky.s
Comment: SETGREEN used once
SETORANGE 00002000

Symbol: SETORANGE
   Definitions
      At line 15 in file blinky.s
   Uses
      At line 66 in file blinky.s
Comment: SETORANGE used once
SETRED 00004000

Symbol: SETRED
   Definitions
      At line 14 in file blinky.s
   Uses
      At line 61 in file blinky.s
Comment: SETRED used once
18 symbols
361 symbols in table
