


ARM Macro Assembler    Page 1 


    1 00000000         
    2 00000000 40023830 
                       SYSCTL_RCC_AHB1ENR
                               EQU              0x40023830
    3 00000000 40020C00 
                       SYSCTL_GPIO_PORTD_DIR
                               EQU              0x40020C00
    4 00000000 40020C08 
                       SYSCTL_GPIO_PORTD_SPEED
                               EQU              0x40020C08
    5 00000000 40020C0C 
                       SYSCTL_GPIO_PORTD_PULLUPDN
                               EQU              0x40020C0C
    6 00000000 40020C18 
                       SYSCTL_GPIO_PORTD_BSRR
                               EQU              0x40020C18
    7 00000000 40020C14 
                       SYSCTL_GPIO_PORTD_ODR
                               EQU              0x40020C14
    8 00000000         
    9 00000000 40020000 
                       SYSCTL_GPIO_PORTA_DIR
                               EQU              0x40020000
   10 00000000 40020008 
                       SYSCTL_GPIO_PORTA_SPEED
                               EQU              0x40020008
   11 00000000 4002000C 
                       SYSCTL_GPIO_PORTA_PULLUPDN
                               EQU              0x4002000C
   12 00000000 40020018 
                       SYSCTL_GPIO_PORTA_BSRR
                               EQU              0x40020018
   13 00000000 40020010 
                       SYSCTL_GPIO_PORTA_IDR
                               EQU              0x40020010
   14 00000000         
   15 00000000 FFFFF3FC 
                       PORTA_DIR_VALUE
                               EQU              0xFFFFF3FC
   16 00000000 00000401 
                       PORTA_SPEED_VALUE
                               EQU              0x401
   17 00000000 00000401 
                       PORTA_PULLUPDN_VALUE
                               EQU              0x401
   18 00000000         
   19 00000000 001046AA 
                       SECOND_DIV_FIVE
                               EQU              1066666
   20 00000000 00004000 
                       SET_VALUE
                               EQU              0x4000
   21 00000000 00000000 
                       RESET_VALUE
                               EQU              0X0000
   22 00000000         
   23 00000000                 AREA             |.text|,CODE,READONLY,ALIGN=2
   24 00000000                 THUMB
   25 00000000                 EXPORT           Main



ARM Macro Assembler    Page 2 


   26 00000000         
   27 00000000         
   28 00000000         
   29 00000000         Main
   30 00000000 F000 F810       BL               GPIOD_Init
   31 00000004         LOOP
   32 00000004 4826            LDR              R0,=SECOND_DIV_FIVE
   33 00000006 F000 F80A       BL               DELAY
   34 0000000A F000 F844       BL               INPUT
   35 0000000E 2801            CMP              R0,#0x01
   36 00000010 D031            BEQ              LIGHT_ON
   37 00000012 2821            CMP              R0,#0x21
   38 00000014         ;BL  INPUT
   39 00000014         ;CMP  R0,#0x01
   40 00000014 D037            BEQ              LIGHT_OFF
   41 00000016 4822            LDR              R0,=SECOND_DIV_FIVE
   42 00000018 F000 F801       BL               DELAY
   43 0000001C         ;BL  LIGHT_ON
   44 0000001C E7F2            B                LOOP
   45 0000001E         
   46 0000001E         DELAY
   47 0000001E         ;LDR R0,=SECOND_DIV_FIVE
   48 0000001E 1E40            SUBS             R0,R0,#1
   49 00000020 D1FD            BNE              DELAY
   50 00000022 4770            BX               LR
   51 00000024         
   52 00000024         
   53 00000024         GPIOD_Init
   54 00000024 491F            LDR              R1,=SYSCTL_RCC_AHB1ENR
   55 00000026 6808            LDR              R0,[R1]
   56 00000028 F040 0009       ORR              R0,R0,#0x09
   57 0000002C 6008            STR              R0,[R1]
   58 0000002E         
   59 0000002E         ;RCC Base Adress 0x40023800
   60 0000002E         ;RCC_AHB1ENR Offset Address 0x30
   61 0000002E         ;SYSCTL_RCC_AHB1ENR EQU 0x40023830  
   62 0000002E         
   63 0000002E         
   64 0000002E         ;0x40020C00 ;GPIOD Base Address
   65 0000002E         ;0x0 ;GPIOD Mode Register
   66 0000002E         ;SYSCTL_GPIO_PORTD_DIR EQU 0x40020C00
   67 0000002E 491E            LDR              R1,=SYSCTL_GPIO_PORTD_DIR
   68 00000030 6808            LDR              R0,[R1]
   69 00000032 F040 5080       ORR              R0,R0,#0x10000000
   70 00000036 6008            STR              R0,[R1]
   71 00000038         
   72 00000038         ;0x04 ;GPIOD OUTPUT TYPE REGISTER
   73 00000038         ;SYSCTL_GPIO_PORTD_SPEED EQU 0X40020C08
   74 00000038 491C            LDR              R1,=SYSCTL_GPIO_PORTD_SPEED
   75 0000003A 6808            LDR              R0,[R1]
   76 0000003C F040 5080       ORR              R0,R0,#0x10000000
   77 00000040 6008            STR              R0,[R1]
   78 00000042         
   79 00000042         ;0X0C ;GPIOD PORT PULLUP/DOWN REGISTER
   80 00000042         ;SYSCTL_GPIO_PORTD_PULLUPDN EQU 0X40020C0C
   81 00000042 491B            LDR              R1,=SYSCTL_GPIO_PORTD_PULLUPDN
   82 00000044 6808            LDR              R0,[R1]
   83 00000046 F040 5080       ORR              R0,R0,#0x10000000
   84 0000004A 6008            STR              R0,[R1]



ARM Macro Assembler    Page 3 


   85 0000004C         
   86 0000004C         ;Set pin PA0 an PA5 as input
   87 0000004C 4919            LDR              R1,=SYSCTL_GPIO_PORTA_DIR
   88 0000004E 6808            LDR              R0,[R1]
   89 00000050 4A19            LDR              R2,=PORTA_DIR_VALUE
   90 00000052 EA00 0002       AND              R0,R0,R2    ;(0b 1111,1111,1111
                                                            ,1111,1111,0011,111
                                                            1,1100) 
   91 00000056         ;MOV  R0,#0
   92 00000056 6008            STR              R0,[R1]
   93 00000058         
   94 00000058 4918            LDR              R1,=SYSCTL_GPIO_PORTA_SPEED
   95 0000005A 6808            LDR              R0,[R1]
   96 0000005C F240 4201       LDR              R2,=PORTA_SPEED_VALUE
   97 00000060 EA40 0002       ORR              R0,R0,R2    ; #0x0101 ;(0b 0000
                                                             0100 0000 0001)
   98 00000064 6008            STR              R0,[R1]
   99 00000066         
  100 00000066 4916            LDR              R1,=SYSCTL_GPIO_PORTA_PULLUPDN
  101 00000068 6808            LDR              R0,[R1]
  102 0000006A F240 4201       LDR              R2,=PORTA_PULLUPDN_VALUE
  103 0000006E EA40 0002       ORR              R0,R0,R2    ;#0x401 ;(0B 0100 0
                                                            000 0001)
  104 00000072 6008            STR              R0,[R1]
  105 00000074         
  106 00000074 4770            BX               LR
  107 00000076         
  108 00000076         
  109 00000076         LIGHT_ON
  110 00000076         ;0X18 ;GPIOD PORT BSRR REGISTER
  111 00000076         ;SYSCTL_GPIO_PORTD_BSRR EQU 0X40020C18
  112 00000076 4913            LDR              R1,=SYSCTL_GPIO_PORTD_ODR
  113 00000078 6808            LDR              R0,[R1]
  114 0000007A F44F 4280       LDR              R2,=SET_VALUE
  115 0000007E         ;EOR  R0,R0,R2  
  116 0000007E EA40 0002       ORR              R0,R0,R2
  117 00000082         ;ORR  R0,R0,#0x00004000
  118 00000082 6008            STR              R0,[R1]
  119 00000084 4770            BX               LR
  120 00000086         
  121 00000086         LIGHT_OFF
  122 00000086         ;0X18 ;GPIOD PORT BSRR REGISTER
  123 00000086         ;SYSCTL_GPIO_PORTD_BSRR EQU 0X40020C18
  124 00000086 490F            LDR              R1,=SYSCTL_GPIO_PORTD_ODR
  125 00000088 6808            LDR              R0,[R1]
  126 0000008A F04F 0200       LDR              R2,=RESET_VALUE
  127 0000008E         ;EOR  R0,R0,R2
  128 0000008E EA40 0002       ORR              R0,R0,R2
  129 00000092 6008            STR              R0,[R1]
  130 00000094 4770            BX               LR
  131 00000096         
  132 00000096         INPUT
  133 00000096 490C            LDR              R1,=SYSCTL_GPIO_PORTA_IDR
  134 00000098 6808            LDR              R0,[R1]
  135 0000009A F000 0021       AND              R0,R0,#0x21 ;(0B 0010 0001)
  136 0000009E 4770            BX               LR
  137 000000A0         
  138 000000A0                 ALIGN
  139 000000A0                 END



ARM Macro Assembler    Page 4 


              001046AA 
              40023830 
              40020C00 
              40020C08 
              40020C0C 
              40020000 
              FFFFF3FC 
              40020008 
              4002000C 
              40020C14 
              40020010 
Command Line: --debug --xref --diag_suppress=9931 --cpu=Cortex-M4.fp --apcs=int
erwork --depend=.\objects\main.d -o.\objects\main.o -I.\RTE\_Target_1 -IC:\Keil
_v5\ARM\PACK\ARM\CMSIS\5.4.0\CMSIS\Core\Include -IC:\Keil_v5\ARM\PACK\Keil\STM3
2F4xx_DFP\2.13.0\Drivers\CMSIS\Device\ST\STM32F4xx\Include --predefine="__EVAL 
SETA 1" --predefine="__UVISION_VERSION SETA 525" --predefine="_RTE_ SETA 1" --p
redefine="STM32F407xx SETA 1" --list=.\listings\main.lst main.s



ARM Macro Assembler    Page 1 Alphabetic symbol ordering
Relocatable symbols

.text 00000000

Symbol: .text
   Definitions
      At line 23 in file main.s
   Uses
      None
Comment: .text unused
DELAY 0000001E

Symbol: DELAY
   Definitions
      At line 46 in file main.s
   Uses
      At line 33 in file main.s
      At line 42 in file main.s
      At line 49 in file main.s

GPIOD_Init 00000024

Symbol: GPIOD_Init
   Definitions
      At line 53 in file main.s
   Uses
      At line 30 in file main.s
Comment: GPIOD_Init used once
INPUT 00000096

Symbol: INPUT
   Definitions
      At line 132 in file main.s
   Uses
      At line 34 in file main.s
Comment: INPUT used once
LIGHT_OFF 00000086

Symbol: LIGHT_OFF
   Definitions
      At line 121 in file main.s
   Uses
      At line 40 in file main.s
Comment: LIGHT_OFF used once
LIGHT_ON 00000076

Symbol: LIGHT_ON
   Definitions
      At line 109 in file main.s
   Uses
      At line 36 in file main.s
Comment: LIGHT_ON used once
LOOP 00000004

Symbol: LOOP
   Definitions
      At line 31 in file main.s
   Uses
      At line 44 in file main.s
Comment: LOOP used once
Main 00000000



ARM Macro Assembler    Page 2 Alphabetic symbol ordering
Relocatable symbols


Symbol: Main
   Definitions
      At line 29 in file main.s
   Uses
      At line 25 in file main.s
Comment: Main used once
8 symbols



ARM Macro Assembler    Page 1 Alphabetic symbol ordering
Absolute symbols

PORTA_DIR_VALUE FFFFF3FC

Symbol: PORTA_DIR_VALUE
   Definitions
      At line 15 in file main.s
   Uses
      At line 89 in file main.s
Comment: PORTA_DIR_VALUE used once
PORTA_PULLUPDN_VALUE 00000401

Symbol: PORTA_PULLUPDN_VALUE
   Definitions
      At line 17 in file main.s
   Uses
      At line 102 in file main.s
Comment: PORTA_PULLUPDN_VALUE used once
PORTA_SPEED_VALUE 00000401

Symbol: PORTA_SPEED_VALUE
   Definitions
      At line 16 in file main.s
   Uses
      At line 96 in file main.s
Comment: PORTA_SPEED_VALUE used once
RESET_VALUE 00000000

Symbol: RESET_VALUE
   Definitions
      At line 21 in file main.s
   Uses
      At line 126 in file main.s
Comment: RESET_VALUE used once
SECOND_DIV_FIVE 001046AA

Symbol: SECOND_DIV_FIVE
   Definitions
      At line 19 in file main.s
   Uses
      At line 32 in file main.s
      At line 41 in file main.s

SET_VALUE 00004000

Symbol: SET_VALUE
   Definitions
      At line 20 in file main.s
   Uses
      At line 114 in file main.s
Comment: SET_VALUE used once
SYSCTL_GPIO_PORTA_BSRR 40020018

Symbol: SYSCTL_GPIO_PORTA_BSRR
   Definitions
      At line 12 in file main.s
   Uses
      None
Comment: SYSCTL_GPIO_PORTA_BSRR unused
SYSCTL_GPIO_PORTA_DIR 40020000




ARM Macro Assembler    Page 2 Alphabetic symbol ordering
Absolute symbols

Symbol: SYSCTL_GPIO_PORTA_DIR
   Definitions
      At line 9 in file main.s
   Uses
      At line 87 in file main.s
Comment: SYSCTL_GPIO_PORTA_DIR used once
SYSCTL_GPIO_PORTA_IDR 40020010

Symbol: SYSCTL_GPIO_PORTA_IDR
   Definitions
      At line 13 in file main.s
   Uses
      At line 133 in file main.s
Comment: SYSCTL_GPIO_PORTA_IDR used once
SYSCTL_GPIO_PORTA_PULLUPDN 4002000C

Symbol: SYSCTL_GPIO_PORTA_PULLUPDN
   Definitions
      At line 11 in file main.s
   Uses
      At line 100 in file main.s
Comment: SYSCTL_GPIO_PORTA_PULLUPDN used once
SYSCTL_GPIO_PORTA_SPEED 40020008

Symbol: SYSCTL_GPIO_PORTA_SPEED
   Definitions
      At line 10 in file main.s
   Uses
      At line 94 in file main.s
Comment: SYSCTL_GPIO_PORTA_SPEED used once
SYSCTL_GPIO_PORTD_BSRR 40020C18

Symbol: SYSCTL_GPIO_PORTD_BSRR
   Definitions
      At line 6 in file main.s
   Uses
      None
Comment: SYSCTL_GPIO_PORTD_BSRR unused
SYSCTL_GPIO_PORTD_DIR 40020C00

Symbol: SYSCTL_GPIO_PORTD_DIR
   Definitions
      At line 3 in file main.s
   Uses
      At line 67 in file main.s
Comment: SYSCTL_GPIO_PORTD_DIR used once
SYSCTL_GPIO_PORTD_ODR 40020C14

Symbol: SYSCTL_GPIO_PORTD_ODR
   Definitions
      At line 7 in file main.s
   Uses
      At line 112 in file main.s
      At line 124 in file main.s

SYSCTL_GPIO_PORTD_PULLUPDN 40020C0C

Symbol: SYSCTL_GPIO_PORTD_PULLUPDN
   Definitions



ARM Macro Assembler    Page 3 Alphabetic symbol ordering
Absolute symbols

      At line 5 in file main.s
   Uses
      At line 81 in file main.s
Comment: SYSCTL_GPIO_PORTD_PULLUPDN used once
SYSCTL_GPIO_PORTD_SPEED 40020C08

Symbol: SYSCTL_GPIO_PORTD_SPEED
   Definitions
      At line 4 in file main.s
   Uses
      At line 74 in file main.s
Comment: SYSCTL_GPIO_PORTD_SPEED used once
SYSCTL_RCC_AHB1ENR 40023830

Symbol: SYSCTL_RCC_AHB1ENR
   Definitions
      At line 2 in file main.s
   Uses
      At line 54 in file main.s
Comment: SYSCTL_RCC_AHB1ENR used once
17 symbols
362 symbols in table
