


ARM Macro Assembler    Page 1 


    1 00000000         
    2 00000000         
    3 00000000                 AREA             myCode, CODE, READONLY
    4 00000000                 ENTRY
    5 00000000                 EXPORT           __main
    6 00000000         
    7 00000000         __main
    8 00000000         
    9 00000000 F04F 0205       MOV              R2,#5
   10 00000004 F04F 0101       MOV              R1,#1
   11 00000008         ;LOOP  
   12 00000008         ;CMP  R2,#0
   13 00000008         ;BEQ  DONE
   14 00000008         ;MUL  R1,R1,R2
   15 00000008         ;SUB  R2,R2,#1
   16 00000008         ;B  LOOP
   17 00000008         LOOP
   18 00000008 2A00            CMP              R2,#0
   19 0000000A BFC2            ITTT             GT
   20 0000000C FB01 F102       MULGT            R1,R1,R2
   21 00000010 1E52            SUBGT            R2,R2,#1
   22 00000012 E7F9            BGT              LOOP
   23 00000014         
   24 00000014 E7FE    DONE    B                DONE
   25 00000016                 END
Command Line: --debug --xref --diag_suppress=9931 --cpu=Cortex-M4.fp --apcs=int
erwork --depend=.\objects\main.d -o.\objects\main.o -I.\RTE\_Target_1 -IC:\Keil
_v5\ARM\PACK\ARM\CMSIS\5.4.0\CMSIS\Core\Include -IC:\Keil_v5\ARM\PACK\Keil\STM3
2F4xx_DFP\2.13.0\Drivers\CMSIS\Device\ST\STM32F4xx\Include --predefine="__EVAL 
SETA 1" --predefine="__MICROLIB SETA 1" --predefine="__UVISION_VERSION SETA 525
" --predefine="_RTE_ SETA 1" --predefine="STM32F407xx SETA 1" --list=.\listings
\main.lst main.s



ARM Macro Assembler    Page 1 Alphabetic symbol ordering
Relocatable symbols

DONE 00000014

Symbol: DONE
   Definitions
      At line 24 in file main.s
   Uses
      At line 24 in file main.s
Comment: DONE used once
LOOP 00000008

Symbol: LOOP
   Definitions
      At line 17 in file main.s
   Uses
      At line 22 in file main.s
Comment: LOOP used once
__main 00000000

Symbol: __main
   Definitions
      At line 7 in file main.s
   Uses
      At line 5 in file main.s
Comment: __main used once
myCode 00000000

Symbol: myCode
   Definitions
      At line 3 in file main.s
   Uses
      None
Comment: myCode unused
4 symbols
340 symbols in table
