


ARM Macro Assembler    Page 1 


    1 00000000         
    2 00000000         
    3 00000000                 AREA             myCode, CODE, READONLY
    4 00000000                 ENTRY
    5 00000000                 EXPORT           __main
    6 00000000         
    7 00000000         __main
    8 00000000 480C            LDR              R0,=0xE000ED88
    9 00000002 6801            LDR              R1,[R0]
   10 00000004 F441 0170       ORR              R1,R1,#(0xF<<20)
   11 00000008 6001            STR              R1,[R0]
   12 0000000A         
   13 0000000A         ;ADRL R1,ConstantTable
   14 0000000A ED9F 1A06       VLDR.F           S2,C_TEN
   15 0000000E EDDF 1A07       VLDR.F           S3,C_PIE
   16 00000012 EE21 2A21       VMUL.F           S4,S2,S3
   17 00000016         
   18 00000016         
   19 00000016         
   20 00000016         
   21 00000016 E7FE    STOP    B                STOP
   22 00000018         
   23 00000018         ;ConstantTable
   24 00000018 3F800000 
                       C_ONE   DCD              0x3F800000  ;1.0
   25 0000001C 40000000 
                       C_TWO   DCD              0x40000000  ;2.0
   26 00000020 BDCCCCCD 
                       C_POINT1
                               DCD              0xBDCCCCCD  ;-0.1
   27 00000024 41200000 
                       C_TEN   DCD              0x41200000  ;10.0
   28 00000028 42C80000 
                       C_HUNDRED
                               DCD              0x42C80000  ;100.0
   29 0000002C 4048F5C3 
                       C_PIE   DCD              0x4048F5C3  ;pi
   30 00000030 402D70A4 
                       C_E     DCD              0x402D70A4  ;e
   31 00000034         
   32 00000034                 END
              E000ED88 
Command Line: --debug --xref --diag_suppress=9931 --cpu=Cortex-M4.fp --apcs=int
erwork --depend=.\objects\lookup.d -o.\objects\lookup.o -I.\RTE\_Target_1 -IC:\
Keil_v5\ARM\PACK\ARM\CMSIS\5.4.0\CMSIS\Core\Include -IC:\Keil_v5\ARM\PACK\Keil\
STM32F4xx_DFP\2.13.0\Drivers\CMSIS\Device\ST\STM32F4xx\Include --predefine="__E
VAL SETA 1" --predefine="__MICROLIB SETA 1" --predefine="__UVISION_VERSION SETA
 525" --predefine="_RTE_ SETA 1" --predefine="STM32F407xx SETA 1" --list=.\list
ings\lookup.lst lookup.s



ARM Macro Assembler    Page 1 Alphabetic symbol ordering
Relocatable symbols

C_E 00000030

Symbol: C_E
   Definitions
      At line 30 in file lookup.s
   Uses
      None
Comment: C_E unused
C_HUNDRED 00000028

Symbol: C_HUNDRED
   Definitions
      At line 28 in file lookup.s
   Uses
      None
Comment: C_HUNDRED unused
C_ONE 00000018

Symbol: C_ONE
   Definitions
      At line 24 in file lookup.s
   Uses
      None
Comment: C_ONE unused
C_PIE 0000002C

Symbol: C_PIE
   Definitions
      At line 29 in file lookup.s
   Uses
      At line 15 in file lookup.s
Comment: C_PIE used once
C_POINT1 00000020

Symbol: C_POINT1
   Definitions
      At line 26 in file lookup.s
   Uses
      None
Comment: C_POINT1 unused
C_TEN 00000024

Symbol: C_TEN
   Definitions
      At line 27 in file lookup.s
   Uses
      At line 14 in file lookup.s
Comment: C_TEN used once
C_TWO 0000001C

Symbol: C_TWO
   Definitions
      At line 25 in file lookup.s
   Uses
      None
Comment: C_TWO unused
STOP 00000016

Symbol: STOP



ARM Macro Assembler    Page 2 Alphabetic symbol ordering
Relocatable symbols

   Definitions
      At line 21 in file lookup.s
   Uses
      At line 21 in file lookup.s
Comment: STOP used once
__main 00000000

Symbol: __main
   Definitions
      At line 7 in file lookup.s
   Uses
      At line 5 in file lookup.s
Comment: __main used once
myCode 00000000

Symbol: myCode
   Definitions
      At line 3 in file lookup.s
   Uses
      None
Comment: myCode unused
10 symbols
348 symbols in table
