22:44:10 **** Programming project HSE_SYSCLK_8MHz on chip ****
"C:\\Ac6\\SystemWorkbench\\plugins\\fr.ac6.mcu.externaltools.openocd.win32_1.22.0.201902141520\\tools\\openocd\\bin\\openocd.exe" -f stm32.flash.7955514737490238752.cfg -s "D:\\MCU2\\MyWorkspace\\HSE_SYSCLK_8MHz" -s "C:\\Ac6\\SystemWorkbench\\plugins\\fr.ac6.mcu.debug_2.4.0.201902141520\\resources\\openocd\\st_scripts" -c "program Debug/HSE_SYSCLK_8MHz.elf verify reset exit" 
Open On-Chip Debugger 0.10.0-dev-00019-g5352c55 (2019-02-14-15:45)
Licensed under GNU GPL v2
For bug reports, read
	http://openocd.org/doc/doxygen/bugs.html
srst_only separate srst_nogate srst_open_drain connect_assert_srst
Info : The selected transport took over low-level target control. The results might differ compared to plain JTAG/SWD
adapter speed: 8000 kHz
adapter_nsrst_delay: 100
Info : clock speed 8000 kHz
Info : STLINK v2.1 JTAG v31 API v2 M21 VID 0x0483 PID 0x374B
Info : using stlink api v2
Info : Target voltage: 2.905861
Info : Unable to match requested speed 8000 kHz, using 4000 kHz
Info : Stlink adapter speed set to 4000 kHz
Info : STM32F407VGTx.cpu: hardware has 6 breakpoints, 4 watchpoints
target halted due to debug-request, current mode: Thread 
xPSR: 0x01000000 pc: 0xfffffffe msp: 0xfffffffc
configuring PLL
** Programming Started **
auto erase enabled
Info : device id = 0x100f6413
Info : flash size = 1024kbytes
target halted due to breakpoint, current mode: Thread 
xPSR: 0x61000000 pc: 0x20000046 msp: 0xfffffffc
wrote 16384 bytes from file Debug/HSE_SYSCLK_8MHz.elf in 0.603003s (26.534 KiB/s)
** Programming Finished **
** Verify Started **
target halted due to breakpoint, current mode: Thread 
xPSR: 0x61000000 pc: 0x2000002e msp: 0xfffffffc
verified 3320 bytes in 0.126002s (25.731 KiB/s)
** Verified OK **
** Resetting Target **
shutdown command invoked

22:44:11 Build Finished (took 1s.166ms)

