


ARM Macro Assembler    Page 1 


    1 00000000         
    2 00000000         
    3 00000000         
    4 00000000                 AREA             simpleStack, CODE, READONLY
    5 00000000                 ENTRY
    6 00000000                 EXPORT           __main
    7 00000000         
    8 00000000         
    9 00000000         __main
   10 00000000 4B03            LDR              R3,=0xDEADBEEF
   11 00000002 4C04            LDR              R4,=0xBABEFACE
   12 00000004 B408            PUSH             {R3}
   13 00000006 B410            PUSH             {R4}
   14 00000008 BC20            POP              {R5}
   15 0000000A BC40            POP              {R6}
   16 0000000C         
   17 0000000C E7FE    STOP    B                STOP
   18 0000000E 00 00           ALIGN
   19 00000010                 END
              DEADBEEF 
              BABEFACE 
Command Line: --debug --xref --diag_suppress=9931 --cpu=Cortex-M4.fp --apcs=int
erwork --depend=.\objects\main.d -o.\objects\main.o -I.\RTE\_Cortex-M4 -IC:\Kei
l_v5\ARM\PACK\ARM\CMSIS\5.4.0\CMSIS\Core\Include -IC:\Keil_v5\ARM\PACK\Keil\STM
32F4xx_DFP\2.13.0\Drivers\CMSIS\Device\ST\STM32F4xx\Include --predefine="__EVAL
 SETA 1" --predefine="__MICROLIB SETA 1" --predefine="__UVISION_VERSION SETA 52
5" --predefine="_RTE_ SETA 1" --predefine="STM32F407xx SETA 1" --list=.\listing
s\main.lst main.s



ARM Macro Assembler    Page 1 Alphabetic symbol ordering
Relocatable symbols

STOP 0000000C

Symbol: STOP
   Definitions
      At line 17 in file main.s
   Uses
      At line 17 in file main.s
Comment: STOP used once
__main 00000000

Symbol: __main
   Definitions
      At line 9 in file main.s
   Uses
      At line 6 in file main.s
Comment: __main used once
simpleStack 00000000

Symbol: simpleStack
   Definitions
      At line 4 in file main.s
   Uses
      None
Comment: simpleStack unused
3 symbols
341 symbols in table
