


ARM Macro Assembler    Page 1 


    1 00000000         ;Taylor Series Expansion
    2 00000000         ;4 terms (x = x - x^3/3! + x^5/5! - x^7/7!)
    3 00000000         ;for all x in the range [0,pi/2]
    4 00000000         ;s0 - input operand and return result
    5 00000000         ;s1 - 1/3! (invfact 3)
    6 00000000         ;s2 - 1/5! (invfact 5)
    7 00000000         ;s3 - 1/7! (invfact 7)
    8 00000000         ;s4 - x*s1, then s4*s7 
    9 00000000         ;s5 - x*s2, then s5*s8
   10 00000000         ;s6 - x*s3, then s6*s9
   11 00000000         ;s7 - x^2
   12 00000000         ;s8 - x^4
   13 00000000         ;s9 - x^6
   14 00000000         
   15 00000000         ;Avoid divisions by computing 1/3!, 1/5! and 1/7! and st
                       oring in lookup table
   16 00000000         
   17 00000000         ;VALUE EQU  1.04719
   18 00000000         
   19 00000000                 AREA             TaylorSeries, CODE, READONLY
   20 00000000                 ENTRY
   21 00000000                 EXPORT           __main
   22 00000000         
   23 00000000         __main
   24 00000000         ;Enable FPU Coprocessor
   25 00000000 4819            LDR              R0,=0xE000ED88
   26 00000002 6801            LDR              R1,[R0]
   27 00000004 F441 0170       ORR              R1,R1,#(0xF<<20)
   28 00000008 6001            STR              R1,[R0]
   29 0000000A         
   30 0000000A         ;Reset/Flush the pipeline
   31 0000000A F3BF 8F4F       DSB
   32 0000000E F3BF 8F6F       ISB
   33 00000012         
   34 00000012 ED9F 0A16       VLDR.F32         S0,=1.04719
   35 00000016 F000 F801       BL               Sincalculator
   36 0000001A         
   37 0000001A E7FE    STOP    B                STOP
   38 0000001C         
   39 0000001C         Sincalculator
   40 0000001C EDDF 0A0F       VLDR.F32         S1,invfact3
   41 00000020 ED9F 1A0F       VLDR.F32         S2,invfact5
   42 00000024 EDDF 1A0F       VLDR.F32         S3,invfact7
   43 00000028         
   44 00000028 EE20 2A20       VMUL.F32         S4,S0,S1    ;x*(1/3!)
   45 0000002C EE60 2A01       VMUL.F32         S5,S0,S2    ;x*(1/5!)
   46 00000030 EE20 3A21       VMUL.F32         S6,S0,S3    ;x*(1/7!)
   47 00000034         
   48 00000034 EE60 3A00       VMUL.F32         S7,S0,S0    ;x^2
   49 00000038 EE22 2A23       VMUL.F32         S4,S4,S7    ;(x^3)*(1/3!)
   50 0000003C         
   51 0000003C EE23 4AA3       VMUL.F32         S8,S7,S7    ;(x^4)
   52 00000040 EE24 5A22       VMUL.F32         S10,S8,S5   ;(x^5)*(1/5!)
   53 00000044         
   54 00000044 EE64 4A23       VMUL.F32         S9,S8,S7    ;x^6
   55 00000048 EE63 4A24       VMUL.F32         S9,S6,S9    ;(x^7)*(1/7!)
   56 0000004C         
   57 0000004C EE30 0A42       VSUB.F32         S0,S0,S4
   58 00000050 EE30 0A64       VSUB.F32         S0,S0,S9



ARM Macro Assembler    Page 2 


   59 00000054 EE30 0A05       VADD.F32         S0,S0,S10
   60 00000058         
   61 00000058 4770            BX               LR
   62 0000005A         
   63 0000005A         
   64 0000005A         
   65 0000005A 00 00 3E2AAAAA 
                       invfact3
                               DCD              0x3E2AAAAA  ;1/3!
   66 00000060 3C088888 
                       invfact5
                               DCD              0x3C088888  ;1/5!
   67 00000064 39500D00 
                       invfact7
                               DCD              0x39500D00  ;1/7!
   68 00000068         
   69 00000068                 ALIGN
   70 00000068                 END
              E000ED88 
              3F860A52 
Command Line: --debug --xref --diag_suppress=9931 --cpu=Cortex-M4.fp --apcs=int
erwork --depend=.\objects\main.d -o.\objects\main.o -I.\RTE\_Target_1 -IC:\Keil
_v5\ARM\PACK\ARM\CMSIS\5.4.0\CMSIS\Core\Include -IC:\Keil_v5\ARM\PACK\Keil\STM3
2F4xx_DFP\2.13.0\Drivers\CMSIS\Device\ST\STM32F4xx\Include --predefine="__EVAL 
SETA 1" --predefine="__MICROLIB SETA 1" --predefine="__UVISION_VERSION SETA 525
" --predefine="_RTE_ SETA 1" --predefine="STM32F407xx SETA 1" --list=.\listings
\main.lst main.s



ARM Macro Assembler    Page 1 Alphabetic symbol ordering
Relocatable symbols

STOP 0000001A

Symbol: STOP
   Definitions
      At line 37 in file main.s
   Uses
      At line 37 in file main.s
Comment: STOP used once
Sincalculator 0000001C

Symbol: Sincalculator
   Definitions
      At line 39 in file main.s
   Uses
      At line 35 in file main.s
Comment: Sincalculator used once
TaylorSeries 00000000

Symbol: TaylorSeries
   Definitions
      At line 19 in file main.s
   Uses
      None
Comment: TaylorSeries unused
__main 00000000

Symbol: __main
   Definitions
      At line 23 in file main.s
   Uses
      At line 21 in file main.s
Comment: __main used once
invfact3 0000005C

Symbol: invfact3
   Definitions
      At line 65 in file main.s
   Uses
      At line 40 in file main.s
Comment: invfact3 used once
invfact5 00000060

Symbol: invfact5
   Definitions
      At line 66 in file main.s
   Uses
      At line 41 in file main.s
Comment: invfact5 used once
invfact7 00000064

Symbol: invfact7
   Definitions
      At line 67 in file main.s
   Uses
      At line 42 in file main.s
Comment: invfact7 used once
7 symbols
345 symbols in table
