


ARM Macro Assembler    Page 1 


    1 00000000         ;This is a simple project
    2 00000000         
    3 00000000                 AREA             Simpleproject, CODE, READONLY
    4 00000000                 ENTRY
    5 00000000                 EXPORT           __main
    6 00000000         
    7 00000000         
    8 00000000         __main
    9 00000000 F241 2534       MOV              R5,#0x1234
   10 00000004 F241 2334       MOV              R3,#0x1234
   11 00000008         
   12 00000008 EB05 0603       ADD              R6,R5,R3
   13 0000000C         
   14 0000000C E7FE    STOP    B                STOP
   15 0000000E                 END
Command Line: --debug --xref --diag_suppress=9931 --cpu=Cortex-M4.fp --apcs=int
erwork --depend=.\objects\main.d -o.\objects\main.o -I.\RTE\_Target_1 -IC:\Keil
_v5\ARM\PACK\ARM\CMSIS\5.4.0\CMSIS\Core\Include -IC:\Keil_v5\ARM\PACK\Keil\STM3
2F4xx_DFP\2.13.0\Drivers\CMSIS\Device\ST\STM32F4xx\Include --predefine="__EVAL 
SETA 1" --predefine="__MICROLIB SETA 1" --predefine="__UVISION_VERSION SETA 525
" --predefine="_RTE_ SETA 1" --predefine="STM32F407xx SETA 1" --list=.\listings
\main.lst main.s



ARM Macro Assembler    Page 1 Alphabetic symbol ordering
Relocatable symbols

STOP 0000000C

Symbol: STOP
   Definitions
      At line 14 in file main.s
   Uses
      At line 14 in file main.s
Comment: STOP used once
Simpleproject 00000000

Symbol: Simpleproject
   Definitions
      At line 3 in file main.s
   Uses
      None
Comment: Simpleproject unused
__main 00000000

Symbol: __main
   Definitions
      At line 8 in file main.s
   Uses
      At line 5 in file main.s
Comment: __main used once
3 symbols
339 symbols in table
