


ARM Macro Assembler    Page 1 


    1 00000000         ;Activate clock of the port in RCGCGPIO registers
    2 00000000         ;Wait for status bit to be true in PRGPIO
    3 00000000         ;Unlock pin - only needed for PD7
    4 00000000         ;Set direction of pin in DIR register
    5 00000000         ;Enable pin in DEN register
    6 00000000         
    7 00000000         ;Writing/Reading data: GPIODATA register
    8 00000000         
    9 00000000 40023830 
                       SYSCTL_RCC_AHB1ENR
                               EQU              0x40023830
   10 00000000 40020C00 
                       SYSCTL_GPIO_PORTD_DIR
                               EQU              0x40020C00
   11 00000000 40020C08 
                       SYSCTL_GPIO_PORTD_SPEED
                               EQU              0X40020C08
   12 00000000 40020C0C 
                       SYSCTL_GPIO_PORTD_PULLUPDN
                               EQU              0X40020C0C
   13 00000000 40020C18 
                       SYSCTL_GPIO_PORTD_BSRR
                               EQU              0X40020C18
   14 00000000         
   15 00000000         
   16 00000000                 AREA             |.text|,CODE,READONLY,ALIGN=2
   17 00000000                 THUMB
   18 00000000                 EXPORT           Main
   19 00000000         
   20 00000000         
   21 00000000         
   22 00000000         Main
   23 00000000 F000 F803       BL               GPIOD_Init
   24 00000004         LOOP
   25 00000004 F000 F816       BL               LIGHT_ON
   26 00000008 E7FC            B                LOOP
   27 0000000A         
   28 0000000A         GPIOD_Init
   29 0000000A 490D            LDR              R1,=SYSCTL_RCC_AHB1ENR
   30 0000000C 6808            LDR              R0,[R1]
   31 0000000E F040 0008       ORR              R0,R0,#0x08
   32 00000012 6008            STR              R0,[R1]
   33 00000014         
   34 00000014         ;RCC Base Adress 0x40023800
   35 00000014         ;RCC_AHB1ENR Offset Address 0x30
   36 00000014         ;SYSCTL_RCC_AHB1ENR EQU 0x40023830  
   37 00000014         
   38 00000014         
   39 00000014         ;0x40020C00 ;GPIOD Base Address
   40 00000014         ;0x0 ;GPIOD Mode Register
   41 00000014         ;SYSCTL_GPIO_PORTD_DIR EQU 0x40020C00
   42 00000014 490B            LDR              R1,=SYSCTL_GPIO_PORTD_DIR
   43 00000016 6808            LDR              R0,[R1]
   44 00000018 F040 5080       ORR              R0,R0,#0x10000000
   45 0000001C 6008            STR              R0,[R1]
   46 0000001E         
   47 0000001E         ;0x04 ;GPIOD OUTPUT TYPE REGISTER
   48 0000001E         ;SYSCTL_GPIO_PORTD_SPEED EQU 0X40020C08
   49 0000001E 490A            LDR              R1,=SYSCTL_GPIO_PORTD_SPEED



ARM Macro Assembler    Page 2 


   50 00000020 6808            LDR              R0,[R1]
   51 00000022 F040 5080       ORR              R0,R0,#0x10000000
   52 00000026 6008            STR              R0,[R1]
   53 00000028         
   54 00000028         ;0X0C ;GPIOD PORT PULLUP/DOWN REGISTER
   55 00000028         ;SYSCTL_GPIO_PORTD_PULLUPDN EQU 0X40020C0C
   56 00000028 4908            LDR              R1,=SYSCTL_GPIO_PORTD_PULLUPDN
   57 0000002A 6808            LDR              R0,[R1]
   58 0000002C F040 5080       ORR              R0,R0,#0x10000000
   59 00000030 6008            STR              R0,[R1]
   60 00000032         
   61 00000032 4770            BX               LR
   62 00000034         
   63 00000034         
   64 00000034         LIGHT_ON
   65 00000034         ;0X18 ;GPIOD PORT BSRR REGISTER
   66 00000034         ;SYSCTL_GPIO_PORTD_BSRR EQU 0X40020C18
   67 00000034 4906            LDR              R1,=SYSCTL_GPIO_PORTD_BSRR
   68 00000036 6808            LDR              R0,[R1]
   69 00000038 F440 4080       ORR              R0,R0,#0X00004000
   70 0000003C 6008            STR              R0,[R1]
   71 0000003E 4770            BX               LR
   72 00000040         
   73 00000040                 ALIGN
   74 00000040                 END
              40023830 
              40020C00 
              40020C08 
              40020C0C 
              40020C18 
Command Line: --debug --xref --diag_suppress=9931 --cpu=Cortex-M4.fp --apcs=int
erwork --depend=.\objects\main.d -o.\objects\main.o -I.\RTE\_Target_1 -IC:\Keil
_v5\ARM\PACK\ARM\CMSIS\5.4.0\CMSIS\Core\Include -IC:\Keil_v5\ARM\PACK\Keil\STM3
2F4xx_DFP\2.13.0\Drivers\CMSIS\Device\ST\STM32F4xx\Include --predefine="__EVAL 
SETA 1" --predefine="__UVISION_VERSION SETA 525" --predefine="_RTE_ SETA 1" --p
redefine="STM32F407xx SETA 1" --list=.\listings\main.lst main.s



ARM Macro Assembler    Page 1 Alphabetic symbol ordering
Relocatable symbols

.text 00000000

Symbol: .text
   Definitions
      At line 16 in file main.s
   Uses
      None
Comment: .text unused
GPIOD_Init 0000000A

Symbol: GPIOD_Init
   Definitions
      At line 28 in file main.s
   Uses
      At line 23 in file main.s
Comment: GPIOD_Init used once
LIGHT_ON 00000034

Symbol: LIGHT_ON
   Definitions
      At line 64 in file main.s
   Uses
      At line 25 in file main.s
Comment: LIGHT_ON used once
LOOP 00000004

Symbol: LOOP
   Definitions
      At line 24 in file main.s
   Uses
      At line 26 in file main.s
Comment: LOOP used once
Main 00000000

Symbol: Main
   Definitions
      At line 22 in file main.s
   Uses
      At line 18 in file main.s
Comment: Main used once
5 symbols



ARM Macro Assembler    Page 1 Alphabetic symbol ordering
Absolute symbols

SYSCTL_GPIO_PORTD_BSRR 40020C18

Symbol: SYSCTL_GPIO_PORTD_BSRR
   Definitions
      At line 13 in file main.s
   Uses
      At line 67 in file main.s
Comment: SYSCTL_GPIO_PORTD_BSRR used once
SYSCTL_GPIO_PORTD_DIR 40020C00

Symbol: SYSCTL_GPIO_PORTD_DIR
   Definitions
      At line 10 in file main.s
   Uses
      At line 42 in file main.s
Comment: SYSCTL_GPIO_PORTD_DIR used once
SYSCTL_GPIO_PORTD_PULLUPDN 40020C0C

Symbol: SYSCTL_GPIO_PORTD_PULLUPDN
   Definitions
      At line 12 in file main.s
   Uses
      At line 56 in file main.s
Comment: SYSCTL_GPIO_PORTD_PULLUPDN used once
SYSCTL_GPIO_PORTD_SPEED 40020C08

Symbol: SYSCTL_GPIO_PORTD_SPEED
   Definitions
      At line 11 in file main.s
   Uses
      At line 49 in file main.s
Comment: SYSCTL_GPIO_PORTD_SPEED used once
SYSCTL_RCC_AHB1ENR 40023830

Symbol: SYSCTL_RCC_AHB1ENR
   Definitions
      At line 9 in file main.s
   Uses
      At line 29 in file main.s
Comment: SYSCTL_RCC_AHB1ENR used once
5 symbols
347 symbols in table
