


ARM Macro Assembler    Page 1 


    1 00000000         
    2 00000000         
    3 00000000                 AREA             fputansfer, CODE, READONLY
    4 00000000                 ENTRY
    5 00000000                 EXPORT           __main
    6 00000000         
    7 00000000         
    8 00000000         __main
    9 00000000         
   10 00000000 4806            LDR              R0,=0xE000ED88
   11 00000002 6801            LDR              R1,[R0]
   12 00000004 F441 0170       ORR              R1,R1,#(0xF<<20)
   13 00000008 6001            STR              R1,[R0]
   14 0000000A         
   15 0000000A F04F 537E       LDR              R3,=0x3F800000
   16 0000000E EE01 3A90       VMOV.F           S3,R3
   17 00000012         
   18 00000012 ED9F 2A03       VLDR.F           S4,=6.0221415e23
   19 00000016 EE12 4A10       VMOV.F           R4,S4
   20 0000001A         
   21 0000001A E7FE    STOP    B                STOP
   22 0000001C                 ALIGN
   23 0000001C                 END
              E000ED88 
              66FF0C30 
Command Line: --debug --xref --diag_suppress=9931 --cpu=Cortex-M4.fp --apcs=int
erwork --depend=.\objects\main.d -o.\objects\main.o -I.\RTE\_Target_1 -IC:\Keil
_v5\ARM\PACK\ARM\CMSIS\5.4.0\CMSIS\Core\Include -IC:\Keil_v5\ARM\PACK\Keil\STM3
2F4xx_DFP\2.13.0\Drivers\CMSIS\Device\ST\STM32F4xx\Include --predefine="__EVAL 
SETA 1" --predefine="__MICROLIB SETA 1" --predefine="__UVISION_VERSION SETA 525
" --predefine="_RTE_ SETA 1" --predefine="STM32F407xx SETA 1" --list=.\listings
\main.lst main.s



ARM Macro Assembler    Page 1 Alphabetic symbol ordering
Relocatable symbols

STOP 0000001A

Symbol: STOP
   Definitions
      At line 21 in file main.s
   Uses
      At line 21 in file main.s
Comment: STOP used once
__main 00000000

Symbol: __main
   Definitions
      At line 8 in file main.s
   Uses
      At line 5 in file main.s
Comment: __main used once
fputansfer 00000000

Symbol: fputansfer
   Definitions
      At line 3 in file main.s
   Uses
      None
Comment: fputansfer unused
3 symbols
341 symbols in table
